date=2023-12-08 11:45:12
user=mssung

Traceback (most recent call last):
  File "D:\R2A\R2A.py", line 526, in optimizeCurrentAppPos
    a = pag.getWindowsWithTitle(currentAppName)[0]
IndexError: list index out of range


式式式式式式式式式式式式式式式式式式式式式式式式式式式式式式式式式式式式式式式式
date=2023-12-04 14:41:39
user=mssung

Traceback (most recent call last):
  File "D:\R2A\R2A.py", line 326, in <lambda>
    self.btn_img2str_2.clicked.connect(lambda : self.translateImg(0))
  File "D:\R2A\R2A.py", line 1485, in translateImg
    self.popUp("廓羲",tl.translateTW2KR(targetStr))
  File "D:\R2A\translate.py", line 11, in translateTW2KR
    result = translator.translate(targetStr,src = _srcCode, dest= _destCode)
  File "C:\Python39\lib\site-packages\googletrans\client.py", line 182, in translate
    else:
  File "C:\Python39\lib\site-packages\googletrans\client.py", line 78, in _translate
  File "C:\Python39\lib\site-packages\googletrans\gtoken.py", line 194, in do
    a %= 1000000  # int(1E6)
  File "C:\Python39\lib\site-packages\googletrans\gtoken.py", line 62, in _update
    # this will be the same as python code after stripping out a reserved word 'var'
AttributeError: 'NoneType' object has no attribute 'group'


式式式式式式式式式式式式式式式式式式式式式式式式式式式式式式式式式式式式式式式式
date=2023-12-04 10:34:31
user=mssung

Traceback (most recent call last):
  File "D:\R2A\R2A.py", line 1350, in executeMultiCommand
    ,startTime.strftime('%m-%d %H:%M:%S')
NameError: name 'startTime' is not defined


式式式式式式式式式式式式式式式式式式式式式式式式式式式式式式式式式式式式式式式式
date=2023-12-04 10:34:18
user=mssung

Traceback (most recent call last):
  File "D:\R2A\R2A.py", line 1350, in executeMultiCommand
    ,startTime.strftime('%m-%d %H:%M:%S')
NameError: name 'startTime' is not defined


式式式式式式式式式式式式式式式式式式式式式式式式式式式式式式式式式式式式式式式式
date=2023-12-04 10:34:08
user=mssung

Traceback (most recent call last):
  File "D:\R2A\R2A.py", line 1350, in executeMultiCommand
    ,startTime.strftime('%m-%d %H:%M:%S')
NameError: name 'startTime' is not defined


式式式式式式式式式式式式式式式式式式式式式式式式式式式式式式式式式式式式式式式式
date=2023-11-30 17:42:58
user=mssung

Traceback (most recent call last):
  File "D:\R2A\R2A.py", line 326, in <lambda>
    self.btn_img2str_2.clicked.connect(lambda : self.translateImg(0))
  File "D:\R2A\R2A.py", line 1485, in translateImg
    self.popUp("廓羲",tl.translateTW2KR(targetStr))
  File "D:\R2A\translate.py", line 11, in translateTW2KR
    result = translator.translate(targetStr,src = _srcCode, dest= _destCode)
  File "C:\Python39\lib\site-packages\googletrans\client.py", line 182, in translate
    data = self._translate(text, dest, src, kwargs)
  File "C:\Python39\lib\site-packages\googletrans\client.py", line 78, in _translate
    token = self.token_acquirer.do(text)
  File "C:\Python39\lib\site-packages\googletrans\gtoken.py", line 194, in do
    self._update()
  File "C:\Python39\lib\site-packages\googletrans\gtoken.py", line 62, in _update
    code = self.RE_TKK.search(r.text).group(1).replace('var ', '')
AttributeError: 'NoneType' object has no attribute 'group'


式式式式式式式式式式式式式式式式式式式式式式式式式式式式式式式式式式式式式式式式
date=2023-11-30 17:42:20
user=mssung

Traceback (most recent call last):
  File "D:\R2A\R2A.py", line 326, in <lambda>
    self.btn_img2str_2.clicked.connect(lambda : self.translateImg(0))
  File "D:\R2A\R2A.py", line 1485, in translateImg
    self.popUp("廓羲",tl.translateTW2KR(targetStr))
  File "D:\R2A\translate.py", line 11, in translateTW2KR
    result = translator.translate(targetStr,src = _srcCode, dest= _destCode)
  File "C:\Python39\lib\site-packages\googletrans\client.py", line 182, in translate
    data = self._translate(text, dest, src, kwargs)
  File "C:\Python39\lib\site-packages\googletrans\client.py", line 78, in _translate
    token = self.token_acquirer.do(text)
  File "C:\Python39\lib\site-packages\googletrans\gtoken.py", line 194, in do
    self._update()
  File "C:\Python39\lib\site-packages\googletrans\gtoken.py", line 62, in _update
    code = self.RE_TKK.search(r.text).group(1).replace('var ', '')
AttributeError: 'NoneType' object has no attribute 'group'


式式式式式式式式式式式式式式式式式式式式式式式式式式式式式式式式式式式式式式式式
date=2023-11-30 17:42:12
user=mssung

Traceback (most recent call last):
  File "D:\R2A\R2A.py", line 326, in <lambda>
    self.btn_img2str_2.clicked.connect(lambda : self.translateImg(0))
  File "D:\R2A\R2A.py", line 1485, in translateImg
    self.popUp("廓羲",tl.translateTW2KR(targetStr))
  File "D:\R2A\translate.py", line 11, in translateTW2KR
    result = translator.translate(targetStr,src = _srcCode, dest= _destCode)
  File "C:\Python39\lib\site-packages\googletrans\client.py", line 182, in translate
    data = self._translate(text, dest, src, kwargs)
  File "C:\Python39\lib\site-packages\googletrans\client.py", line 78, in _translate
    token = self.token_acquirer.do(text)
  File "C:\Python39\lib\site-packages\googletrans\gtoken.py", line 194, in do
    self._update()
  File "C:\Python39\lib\site-packages\googletrans\gtoken.py", line 62, in _update
    code = self.RE_TKK.search(r.text).group(1).replace('var ', '')
AttributeError: 'NoneType' object has no attribute 'group'


式式式式式式式式式式式式式式式式式式式式式式式式式式式式式式式式式式式式式式式式
date=2023-11-23 11:40:53
user=mssung

Traceback (most recent call last):
  File "D:\R2A\R2A.py", line 380, in <lambda>
    getattr(self, f'btn_item_preset_bookmark_{i}').clicked.connect(lambda _, x=i : self.load_preset_by_bookmark(x, 'item'))
  File "D:\R2A\R2A.py", line 953, in load_preset_by_bookmark
    self.load_preset(preset_type,preset_name)
  File "D:\R2A\R2A.py", line 1033, in load_preset
    df = df.fillna('')
AttributeError: 'NoneType' object has no attribute 'fillna'


式式式式式式式式式式式式式式式式式式式式式式式式式式式式式式式式式式式式式式式式
date=2023-11-22 19:26:47
user=mssung

Traceback (most recent call last):
  File "D:\R2A\R2A.py", line 365, in <lambda>
    getattr(self, f'btn_item_preset_bookmark_{i}').clicked.connect(lambda _, x=i : self.load_preset_by_bookmark(x, 'item'))
  File "D:\R2A\R2A.py", line 938, in load_preset_by_bookmark
    self.load_preset(preset_type,preset_name)
  File "D:\R2A\R2A.py", line 1018, in load_preset
    df = df.fillna('')
AttributeError: 'NoneType' object has no attribute 'fillna'


式式式式式式式式式式式式式式式式式式式式式式式式式式式式式式式式式式式式式式式式
date=2023-11-22 19:15:11
user=mssung

Traceback (most recent call last):
  File "D:\R2A\R2A.py", line 1376, in applyCurrentTestCase
    self.input_testCase_moduleName.setText(line[1])
IndexError: list index out of range


式式式式式式式式式式式式式式式式式式式式式式式式式式式式式式式式式式式式式式式式
date=2023-11-22 11:58:13
user=mssung

Traceback (most recent call last):
  File "D:\R2A\R2A.py", line 475, in optimizeCurrentAppPos
    if currentAppName == "" :
NameError: name 'currentAppName' is not defined


式式式式式式式式式式式式式式式式式式式式式式式式式式式式式式式式式式式式式式式式
date=2023-11-22 11:58:05
user=mssung

Traceback (most recent call last):
  File "D:\R2A\R2A.py", line 475, in optimizeCurrentAppPos
    if currentAppName == "" :
NameError: name 'currentAppName' is not defined


式式式式式式式式式式式式式式式式式式式式式式式式式式式式式式式式式式式式式式式式
date=2023-11-22 11:58:04
user=mssung

Traceback (most recent call last):
  File "D:\R2A\R2A.py", line 475, in optimizeCurrentAppPos
    if currentAppName == "" :
NameError: name 'currentAppName' is not defined


式式式式式式式式式式式式式式式式式式式式式式式式式式式式式式式式式式式式式式式式
date=2023-11-22 11:58:02
user=mssung

Traceback (most recent call last):
  File "D:\R2A\R2A.py", line 475, in optimizeCurrentAppPos
    if currentAppName == "" :
NameError: name 'currentAppName' is not defined


式式式式式式式式式式式式式式式式式式式式式式式式式式式式式式式式式式式式式式式式
date=2023-11-20 16:38:47
user=mssung

Traceback (most recent call last):
  File "D:\R2A\R2A.py", line 361, in <lambda>
    self.btn_item_preset_3.clicked.connect(lambda : self.delete_preset("item"))
  File "D:\R2A\R2A.py", line 916, in delete_preset
    os.remove(directory_path)
FileNotFoundError: [WinError 2] 雖薑脹 だ橾擊 瓊擊 熱 橈蝗棲棻: 'D:\\R2A\\data\\preset\\preset_item_ehs.xlsx'


式式式式式式式式式式式式式式式式式式式式式式式式式式式式式式式式式式式式式式式式
date=2023-11-20 16:29:36
user=mssung

Traceback (most recent call last):
  File "D:\R2A\R2A.py", line 328, in <lambda>
    self.comboBox_item_preset.currentTextChanged.connect(lambda : self.load_preset('item'))
  File "D:\R2A\R2A.py", line 1003, in load_preset
    df = df.fillna('')
AttributeError: 'NoneType' object has no attribute 'fillna'


式式式式式式式式式式式式式式式式式式式式式式式式式式式式式式式式式式式式式式式式
date=2023-11-20 16:13:10
user=mssung

Traceback (most recent call last):
  File "D:\R2A\R2A.py", line 341, in <lambda>
    self.comboBox_item_preset.currentTextChanged.connect(lambda : self.load_preset('item'))
  File "D:\R2A\R2A.py", line 1016, in load_preset
    df = df.fillna('')
AttributeError: 'NoneType' object has no attribute 'fillna'


式式式式式式式式式式式式式式式式式式式式式式式式式式式式式式式式式式式式式式式式
date=2023-11-20 15:05:34
user=mssung

Traceback (most recent call last):
  File "D:\R2A\R2A.py", line 362, in <lambda>
    self.comboBox_cmd_preset.currentTextChanged.connect(lambda : self.load_preset('cmd'))
  File "D:\R2A\R2A.py", line 990, in load_preset
    df = df.fillna('')
AttributeError: 'NoneType' object has no attribute 'fillna'


式式式式式式式式式式式式式式式式式式式式式式式式式式式式式式式式式式式式式式式式
date=2023-11-20 14:57:12
user=mssung

Traceback (most recent call last):
  File "D:\R2A\R2A.py", line 362, in <lambda>
    self.comboBox_cmd_preset.currentTextChanged.connect(lambda : self.load_preset('cmd'))
  File "D:\R2A\R2A.py", line 990, in load_preset
    df = df.fillna('')
AttributeError: 'NoneType' object has no attribute 'fillna'


式式式式式式式式式式式式式式式式式式式式式式式式式式式式式式式式式式式式式式式式
date=2023-11-20 14:57:12
user=mssung

Traceback (most recent call last):
  File "D:\R2A\R2A.py", line 341, in <lambda>
    self.comboBox_item_preset.currentTextChanged.connect(lambda : self.load_preset('item'))
  File "D:\R2A\R2A.py", line 1016, in load_preset
    df = df.fillna('')
AttributeError: 'NoneType' object has no attribute 'fillna'


式式式式式式式式式式式式式式式式式式式式式式式式式式式式式式式式式式式式式式式式
date=2023-11-20 14:52:15
user=mssung

Traceback (most recent call last):
  File "D:\R2A\R2A.py", line 374, in <lambda>
    self.btn_item_preset_3.clicked.connect(lambda : self.delete_preset("item"))
  File "D:\R2A\R2A.py", line 929, in delete_preset
    os.remove(directory_path)
FileNotFoundError: [WinError 2] 雖薑脹 だ橾擊 瓊擊 熱 橈蝗棲棻: 'D:\\R2A\\data\\preset\\preset_item_ehs.xlsx'


式式式式式式式式式式式式式式式式式式式式式式式式式式式式式式式式式式式式式式式式
date=2023-11-20 10:37:07
user=mssung

Traceback (most recent call last):
  File "D:\R2A\R2A.py", line 484, in optimizeCurrentAppPos
    if currentAppName == "" :
NameError: name 'currentAppName' is not defined


式式式式式式式式式式式式式式式式式式式式式式式式式式式式式式式式式式式式式式式式
date=2023-11-20 10:37:05
user=mssung

Traceback (most recent call last):
  File "D:\R2A\R2A.py", line 484, in optimizeCurrentAppPos
    if currentAppName == "" :
NameError: name 'currentAppName' is not defined


式式式式式式式式式式式式式式式式式式式式式式式式式式式式式式式式式式式式式式式式
date=2023-11-20 10:37:05
user=mssung

Traceback (most recent call last):
  File "D:\R2A\R2A.py", line 484, in optimizeCurrentAppPos
    if currentAppName == "" :
NameError: name 'currentAppName' is not defined


式式式式式式式式式式式式式式式式式式式式式式式式式式式式式式式式式式式式式式式式
date=2023-11-20 10:37:04
user=mssung

Traceback (most recent call last):
  File "D:\R2A\R2A.py", line 484, in optimizeCurrentAppPos
    if currentAppName == "" :
NameError: name 'currentAppName' is not defined


式式式式式式式式式式式式式式式式式式式式式式式式式式式式式式式式式式式式式式式式
date=2023-11-20 10:37:01
user=mssung

Traceback (most recent call last):
  File "D:\R2A\R2A.py", line 484, in optimizeCurrentAppPos
    if currentAppName == "" :
NameError: name 'currentAppName' is not defined


式式式式式式式式式式式式式式式式式式式式式式式式式式式式式式式式式式式式式式式式
date=2023-11-17 16:19:12
user=mssung

Traceback (most recent call last):
  File "D:\R2A\R2A.py", line 481, in optimizeCurrentAppPos
    if currentAppName == "" :
NameError: name 'currentAppName' is not defined


式式式式式式式式式式式式式式式式式式式式式式式式式式式式式式式式式式式式式式式式
date=2023-11-17 15:33:29
user=mssung

Traceback (most recent call last):
  File "D:\R2A\R2A.py", line 258, in <lambda>
    self.comboBox_apptype.currentTextChanged.connect(lambda : Ы溯檜橫滲唳(self.comboBox_apptype.currentText()))
NameError: name 'Ы溯檜橫滲唳' is not defined


式式式式式式式式式式式式式式式式式式式式式式式式式式式式式式式式式式式式式式式式
date=2023-11-17 15:33:28
user=mssung

Traceback (most recent call last):
  File "D:\R2A\R2A.py", line 258, in <lambda>
    self.comboBox_apptype.currentTextChanged.connect(lambda : Ы溯檜橫滲唳(self.comboBox_apptype.currentText()))
NameError: name 'Ы溯檜橫滲唳' is not defined


式式式式式式式式式式式式式式式式式式式式式式式式式式式式式式式式式式式式式式式式
date=2023-11-17 14:05:35
user=mssung

Traceback (most recent call last):
  File "D:\R2A\R2A.py", line 1320, in executeTestCase
    self.openFileWithNoException(self.input_testCase_moduleName.text()+".exe")
  File "D:\R2A\R2A.py", line 700, in openFileWithNoException
    os.startfile(filePath)
FileNotFoundError: [WinError 2] 雖薑脹 だ橾擊 瓊擊 熱 橈蝗棲棻: 'multicommand.py.exe'

During handling of the above exception, another exception occurred:

Traceback (most recent call last):
  File "D:\R2A\R2A.py", line 1324, in executeTestCase
    self.openFileWithNoException(self.input_testCase_moduleName.text()+".py")
  File "D:\R2A\R2A.py", line 700, in openFileWithNoException
    os.startfile(filePath)
FileNotFoundError: [WinError 2] 雖薑脹 だ橾擊 瓊擊 熱 橈蝗棲棻: 'multicommand.py.py'


式式式式式式式式式式式式式式式式式式式式式式式式式式式式式式式式式式式式式式式式
date=2023-11-17 10:54:56
user=mssung

Traceback (most recent call last):
  File "D:\R2A\R2A.py", line 464, in optimizeCurrentAppPos
    if currentAppName == "" :
NameError: name 'currentAppName' is not defined


式式式式式式式式式式式式式式式式式式式式式式式式式式式式式式式式式式式式式式式式
date=2023-11-17 10:54:54
user=mssung

Traceback (most recent call last):
  File "D:\R2A\R2A.py", line 464, in optimizeCurrentAppPos
    if currentAppName == "" :
NameError: name 'currentAppName' is not defined


式式式式式式式式式式式式式式式式式式式式式式式式式式式式式式式式式式式式式式式式
date=2023-11-17 10:54:54
user=mssung

Traceback (most recent call last):
  File "D:\R2A\R2A.py", line 464, in optimizeCurrentAppPos
    if currentAppName == "" :
NameError: name 'currentAppName' is not defined


式式式式式式式式式式式式式式式式式式式式式式式式式式式式式式式式式式式式式式式式
date=2023-11-17 10:54:53
user=mssung

Traceback (most recent call last):
  File "D:\R2A\R2A.py", line 464, in optimizeCurrentAppPos
    if currentAppName == "" :
NameError: name 'currentAppName' is not defined


式式式式式式式式式式式式式式式式式式式式式式式式式式式式式式式式式式式式式式式式
date=2023-11-17 10:54:51
user=mssung

Traceback (most recent call last):
  File "D:\R2A\R2A.py", line 464, in optimizeCurrentAppPos
    if currentAppName == "" :
NameError: name 'currentAppName' is not defined


式式式式式式式式式式式式式式式式式式式式式式式式式式式式式式式式式式式式式式式式
date=2023-11-17 10:53:32
user=mssung

Traceback (most recent call last):
  File "D:\R2A\R2A.py", line 464, in optimizeCurrentAppPos
    if currentAppName == "" :
NameError: name 'currentAppName' is not defined


式式式式式式式式式式式式式式式式式式式式式式式式式式式式式式式式式式式式式式式式
date=2023-11-17 10:52:47
user=mssung

Traceback (most recent call last):
  File "D:\R2A\R2A.py", line 464, in optimizeCurrentAppPos
    if currentAppName == "" :
NameError: name 'currentAppName' is not defined


式式式式式式式式式式式式式式式式式式式式式式式式式式式式式式式式式式式式式式式式
date=2023-11-17 10:52:41
user=mssung

Traceback (most recent call last):
  File "D:\R2A\R2A.py", line 464, in optimizeCurrentAppPos
    if currentAppName == "" :
NameError: name 'currentAppName' is not defined


式式式式式式式式式式式式式式式式式式式式式式式式式式式式式式式式式式式式式式式式
date=2023-11-17 10:49:35
user=mssung

Traceback (most recent call last):
  File "D:\R2A\R2A.py", line 461, in optimizeCurrentAppPos
    if currentAppName == "" :
NameError: name 'currentAppName' is not defined


式式式式式式式式式式式式式式式式式式式式式式式式式式式式式式式式式式式式式式式式
